<?xml version="1.0" encoding="UTF-8"?>
<!-- Generated by org.testng.reporters.JUnitXMLReporter -->
<testsuite hostname="DESKTOP-VM4G1KR" ignored="11" name="Default test(failed)(failed)" tests="2" failures="1" timestamp="21 Oct 2021 18:22:01 GMT" time="71.295" errors="0">
  <testcase name="FourStar" time="19.316" classname="runner.HotelPageRunner"/>
  <testcase name="EnterInvalidMobNoTest" time="30.7" classname="runner.HotelPageRunner">
    <failure type="java.lang.AssertionError" message="expected [true] but found [false]">
      <![CDATA[java.lang.AssertionError: expected [true] but found [false]
at runner.HotelPageRunner.EnterInvalidMobNoTest(HotelPageRunner.java:187)
... Removed 29 stack frames]]>
    </failure>
  </testcase> <!-- EnterInvalidMobNoTest -->
  <testcase name="searchWithTwoRoom" time="0.0" classname="runner.HotelPageRunner">
    <ignored/>
  </testcase> <!-- searchWithTwoRoom -->
  <testcase name="searchByEmptyCity" time="0.0" classname="runner.HotelPageRunner">
    <ignored/>
  </testcase> <!-- searchByEmptyCity -->
  <testcase name="sortByPriceLH" time="0.0" classname="runner.HotelPageRunner">
    <ignored/>
  </testcase> <!-- sortByPriceLH -->
  <testcase name="uncheckTnCTest" time="0.0" classname="runner.HotelPageRunner">
    <ignored/>
  </testcase> <!-- uncheckTnCTest -->
  <testcase name="searchWithAllnchild" time="0.0" classname="runner.HotelPageRunner">
    <ignored/>
  </testcase> <!-- searchWithAllnchild -->
  <testcase name="searchWithAllData" time="0.0" classname="runner.HotelPageRunner">
    <ignored/>
  </testcase> <!-- searchWithAllData -->
  <testcase name="bookRoom" time="0.0" classname="runner.HotelPageRunner">
    <ignored/>
  </testcase> <!-- bookRoom -->
  <testcase name="EnterInvalidEmailTest" time="0.0" classname="runner.HotelPageRunner">
    <ignored/>
  </testcase> <!-- EnterInvalidEmailTest -->
  <testcase name="goToLinkTest" time="0.0" classname="runner.HotelPageRunner">
    <ignored/>
  </testcase> <!-- goToLinkTest -->
  <testcase name="NoGuestDetailsTest" time="0.0" classname="runner.HotelPageRunner">
    <ignored/>
  </testcase> <!-- NoGuestDetailsTest -->
  <testcase name="EnterValidGuestDetailTest" time="0.0" classname="runner.HotelPageRunner">
    <ignored/>
  </testcase> <!-- EnterValidGuestDetailTest -->
</testsuite> <!-- Default test(failed)(failed) -->
